<?xml version="1.0" encoding="UTF-8"?>
<testng-results skipped="0" failed="0" total="1" passed="1">
  <reporter-output>
  </reporter-output>
  <suite name="Default suite" duration-ms="196" started-at="2016-02-18T14:54:40Z" finished-at="2016-02-18T14:54:40Z">
    <groups>
    </groups>
    <test name="Default test" duration-ms="196" started-at="2016-02-18T14:54:40Z" finished-at="2016-02-18T14:54:40Z">
      <class name="microsim.statistics.regression.LinearRegressionDeterminismTest">
        <test-method status="PASS" signature="beforeClass()[pri:0, instance:microsim.statistics.regression.LinearRegressionDeterminismTest@2b80d80f]" name="beforeClass" is-config="true" duration-ms="153" started-at="2016-02-18T14:54:40Z" finished-at="2016-02-18T14:54:40Z">
          <reporter-output>
          </reporter-output>
        </test-method> <!-- beforeClass -->
        <test-method status="PASS" signature="LinearRegressionTest()[pri:0, instance:microsim.statistics.regression.LinearRegressionDeterminismTest@2b80d80f]" name="LinearRegressionTest" duration-ms="26" started-at="2016-02-18T14:54:40Z" finished-at="2016-02-18T14:54:40Z">
          <reporter-output>
          </reporter-output>
        </test-method> <!-- LinearRegressionTest -->
      </class> <!-- microsim.statistics.regression.LinearRegressionDeterminismTest -->
    </test> <!-- Default test -->
  </suite> <!-- Default suite -->
</testng-results>
